<?xml version="1.0" encoding="UTF-8"?>
<!-- Generated by org.testng.reporters.JUnitReportReporter -->
<testsuite hostname="DESKTOP-405DM23" failures="0" tests="1" name="boltech.MySeleniumTest" time="7.290" errors="0" timestamp="2025-10-15T21:29:23 IST" skipped="0">
  <testcase classname="boltech.MySeleniumTest" name="verifyGoogleTitle" time="7.290"/>
</testsuite> <!-- boltech.MySeleniumTest -->
